<?xml version="1.0" encoding="UTF-8"?>
<testng-results skipped="0" failed="0" ignored="0" total="1" passed="1">
  <reporter-output>
  </reporter-output>
  <suite name="Default suite" duration-ms="76" started-at="2017-09-02T14:25:50Z" finished-at="2017-09-02T14:25:50Z">
    <groups>
    </groups>
    <test name="Default test" duration-ms="76" started-at="2017-09-02T14:25:50Z" finished-at="2017-09-02T14:25:50Z">
      <class name="NewTest">
        <test-method status="PASS" signature="beformethod()[pri:0, instance:NewTest@50c87b21]" name="beformethod" is-config="true" duration-ms="19" started-at="2017-09-02T22:25:50Z" finished-at="2017-09-02T22:25:50Z">
          <reporter-output>
          </reporter-output>
        </test-method> <!-- beformethod -->
        <test-method status="PASS" signature="test()[pri:0, instance:NewTest@50c87b21]" name="test" duration-ms="11" started-at="2017-09-02T22:25:50Z" finished-at="2017-09-02T22:25:50Z">
          <reporter-output>
          </reporter-output>
        </test-method> <!-- test -->
        <test-method status="PASS" signature="Aftermethod()[pri:0, instance:NewTest@50c87b21]" name="Aftermethod" is-config="true" duration-ms="1" started-at="2017-09-02T22:25:50Z" finished-at="2017-09-02T22:25:50Z">
          <reporter-output>
          </reporter-output>
        </test-method> <!-- Aftermethod -->
      </class> <!-- NewTest -->
    </test> <!-- Default test -->
  </suite> <!-- Default suite -->
</testng-results>
